<?xml version="1.0" encoding="UTF-8"?>
<!-- Generated by org.testng.reporters.JUnitXMLReporter -->
<testsuite hostname="DESKTOP-NVUIMMA" ignored="0" name="Default test(failed)" tests="11" failures="11" timestamp="07 四月 2020 04:54:14 GMT" time="8.813" errors="0">
  <testcase name="userGetAllInfo" time="2.496" classname="com.wecash.http.cases.user">
    <failure type="com.alibaba.fastjson.JSONException" message="syntax error, EOF">
      <![CDATA[com.alibaba.fastjson.JSONException: syntax error, EOF
at com.alibaba.fastjson.parser.DefaultJSONParser.parseObject(DefaultJSONParser.java:600)
at com.alibaba.fastjson.parser.DefaultJSONParser.parse(DefaultJSONParser.java:1394)
at com.alibaba.fastjson.parser.DefaultJSONParser.parse(DefaultJSONParser.java:1360)
at com.alibaba.fastjson.JSON.parse(JSON.java:165)
at com.alibaba.fastjson.JSON.parse(JSON.java:175)
at com.alibaba.fastjson.JSON.parse(JSON.java:144)
at com.wecash.http.utils.HttpClientUtils.compareJsonAssert(HttpClientUtils.java:426)
at com.wecash.http.cases.user.userGetAllInfo(user.java:54)
... Removed 25 stack frames]]>
    </failure>
  </testcase> <!-- userGetAllInfo -->
  <testcase name="userGetAllInfo" time="0.444" classname="com.wecash.http.cases.user">
    <failure type="java.lang.AssertionError" message="expected [true] but found [false]">
      <![CDATA[java.lang.AssertionError: expected [true] but found [false]
at com.wecash.http.cases.user.userGetAllInfo(user.java:54)
... Removed 29 stack frames]]>
    </failure>
  </testcase> <!-- userGetAllInfo -->
  <testcase name="userGetAllInfo" time="0.46" classname="com.wecash.http.cases.user">
    <failure type="java.lang.AssertionError" message="expected [true] but found [false]">
      <![CDATA[java.lang.AssertionError: expected [true] but found [false]
at com.wecash.http.cases.user.userGetAllInfo(user.java:54)
... Removed 29 stack frames]]>
    </failure>
  </testcase> <!-- userGetAllInfo -->
  <testcase name="userGetAllInfo" time="0.479" classname="com.wecash.http.cases.user">
    <failure type="java.lang.AssertionError" message="expected [true] but found [false]">
      <![CDATA[java.lang.AssertionError: expected [true] but found [false]
at com.wecash.http.cases.user.userGetAllInfo(user.java:54)
... Removed 29 stack frames]]>
    </failure>
  </testcase> <!-- userGetAllInfo -->
  <testcase name="userGetAllInfo" time="0.427" classname="com.wecash.http.cases.user">
    <failure type="com.alibaba.fastjson.JSONException" message="syntax error, pos 82, line 5, column 15{
    &amp;quot;resCode&amp;quot;: &amp;quot;E0001&amp;quot;,
    &amp;quot;resMsg&amp;quot;: &amp;quot;系统错误&amp;quot;,
    &amp;quot;successful&amp;quot;: 0,
    &amp;quot;data&amp;quot;: 请求唯一id不允许为空}">
      <![CDATA[com.alibaba.fastjson.JSONException: syntax error, pos 82, line 5, column 15{
    "resCode": "E0001",
    "resMsg": "系统错误",
    "successful": 0,
    "data": 请求唯一id不允许为空}
at com.alibaba.fastjson.parser.DefaultJSONParser.parse(DefaultJSONParser.java:1474)
at com.alibaba.fastjson.parser.DefaultJSONParser.parse(DefaultJSONParser.java:1360)
at com.alibaba.fastjson.parser.DefaultJSONParser.parseObject(DefaultJSONParser.java:604)
at com.alibaba.fastjson.parser.DefaultJSONParser.parse(DefaultJSONParser.java:1394)
at com.alibaba.fastjson.parser.DefaultJSONParser.parse(DefaultJSONParser.java:1360)
at com.alibaba.fastjson.JSON.parse(JSON.java:165)
at com.alibaba.fastjson.JSON.parse(JSON.java:175)
at com.alibaba.fastjson.JSON.parse(JSON.java:144)
at com.wecash.http.utils.HttpClientUtils.compareJsonAssert(HttpClientUtils.java:426)
at com.wecash.http.cases.user.userGetAllInfo(user.java:54)
... Removed 25 stack frames]]>
    </failure>
  </testcase> <!-- userGetAllInfo -->
  <testcase name="userGetAllInfo" time="0.423" classname="com.wecash.http.cases.user">
    <failure type="java.lang.AssertionError" message="expected [true] but found [false]">
      <![CDATA[java.lang.AssertionError: expected [true] but found [false]
at com.wecash.http.cases.user.userGetAllInfo(user.java:54)
... Removed 29 stack frames]]>
    </failure>
  </testcase> <!-- userGetAllInfo -->
  <testcase name="userGetAllInfo" time="0.424" classname="com.wecash.http.cases.user">
    <failure type="java.lang.AssertionError" message="expected [true] but found [false]">
      <![CDATA[java.lang.AssertionError: expected [true] but found [false]
at com.wecash.http.cases.user.userGetAllInfo(user.java:54)
... Removed 29 stack frames]]>
    </failure>
  </testcase> <!-- userGetAllInfo -->
  <testcase name="userGetAllInfo" time="0.431" classname="com.wecash.http.cases.user">
    <failure type="com.alibaba.fastjson.JSONException" message="syntax error, pos 82, line 5, column 15{
    &amp;quot;resCode&amp;quot;: &amp;quot;E0001&amp;quot;,
    &amp;quot;resMsg&amp;quot;: &amp;quot;系统错误&amp;quot;,
    &amp;quot;successful&amp;quot;: 0,
    &amp;quot;data&amp;quot;: 请求唯一id不允许为空}">
      <![CDATA[com.alibaba.fastjson.JSONException: syntax error, pos 82, line 5, column 15{
    "resCode": "E0001",
    "resMsg": "系统错误",
    "successful": 0,
    "data": 请求唯一id不允许为空}
at com.alibaba.fastjson.parser.DefaultJSONParser.parse(DefaultJSONParser.java:1474)
at com.alibaba.fastjson.parser.DefaultJSONParser.parse(DefaultJSONParser.java:1360)
at com.alibaba.fastjson.parser.DefaultJSONParser.parseObject(DefaultJSONParser.java:604)
at com.alibaba.fastjson.parser.DefaultJSONParser.parse(DefaultJSONParser.java:1394)
at com.alibaba.fastjson.parser.DefaultJSONParser.parse(DefaultJSONParser.java:1360)
at com.alibaba.fastjson.JSON.parse(JSON.java:165)
at com.alibaba.fastjson.JSON.parse(JSON.java:175)
at com.alibaba.fastjson.JSON.parse(JSON.java:144)
at com.wecash.http.utils.HttpClientUtils.compareJsonAssert(HttpClientUtils.java:426)
at com.wecash.http.cases.user.userGetAllInfo(user.java:54)
... Removed 25 stack frames]]>
    </failure>
  </testcase> <!-- userGetAllInfo -->
  <testcase name="userGetAllInfo" time="0.423" classname="com.wecash.http.cases.user">
    <failure type="java.lang.AssertionError" message="expected [true] but found [false]">
      <![CDATA[java.lang.AssertionError: expected [true] but found [false]
at com.wecash.http.cases.user.userGetAllInfo(user.java:54)
... Removed 29 stack frames]]>
    </failure>
  </testcase> <!-- userGetAllInfo -->
  <testcase name="userGetAllInfo" time="0.431" classname="com.wecash.http.cases.user">
    <failure type="java.lang.AssertionError" message="expected [true] but found [false]">
      <![CDATA[java.lang.AssertionError: expected [true] but found [false]
at com.wecash.http.cases.user.userGetAllInfo(user.java:54)
... Removed 29 stack frames]]>
    </failure>
  </testcase> <!-- userGetAllInfo -->
  <testcase name="userGetAllInfo" time="0.459" classname="com.wecash.http.cases.user">
    <failure type="java.lang.AssertionError" message="expected [true] but found [false]">
      <![CDATA[java.lang.AssertionError: expected [true] but found [false]
at com.wecash.http.cases.user.userGetAllInfo(user.java:54)
... Removed 29 stack frames]]>
    </failure>
  </testcase> <!-- userGetAllInfo -->
</testsuite> <!-- Default test(failed) -->
