<?xml version="1.0" encoding="UTF-8"?>
<!-- Generated by org.testng.reporters.JUnitXMLReporter -->
<testsuite hostname="DESKTOP-NVUIMMA" ignored="0" name="Default test" tests="7" failures="0" timestamp="16 四月 2020 10:49:32 GMT" time="94.693" errors="0">
  <testcase name="InvalidGrantInfo" time="90.154" classname="com.wecash.http.cases.GrantInvalid"/>
  <testcase name="InvalidGrantInfo" time="0.474" classname="com.wecash.http.cases.GrantInvalid"/>
  <testcase name="InvalidGrantInfo" time="0.462" classname="com.wecash.http.cases.GrantInvalid"/>
  <testcase name="InvalidGrantInfo" time="0.427" classname="com.wecash.http.cases.GrantInvalid"/>
  <testcase name="InvalidGrantInfo" time="0.448" classname="com.wecash.http.cases.GrantInvalid"/>
  <testcase name="InvalidGrantInfo" time="0.446" classname="com.wecash.http.cases.GrantInvalid"/>
  <testcase name="InvalidGrantInfo" time="0.424" classname="com.wecash.http.cases.GrantInvalid"/>
</testsuite> <!-- Default test -->
