<?xml version="1.0" encoding="UTF-8"?>
<!-- Generated by org.testng.reporters.JUnitXMLReporter -->
<testsuite hostname="DESKTOP-NVUIMMA" ignored="0" name="CreateChannelOrder" tests="1" failures="1" timestamp="06 四月 2020 13:35:30 GMT" time="25.285" errors="0">
  <testcase name="createOrder" time="22.757" classname="com.wecash.http.cases.CreateChannelOrder">
    <failure type="java.lang.NullPointerException">
      <![CDATA[java.lang.NullPointerException
at com.wecash.http.utils.HttpClientUtils.compareJsonAssert(HttpClientUtils.java:425)
at com.wecash.http.cases.CreateChannelOrder.createOrder(CreateChannelOrder.java:49)
at java.util.concurrent.ThreadPoolExecutor.runWorker(Unknown Source)
at java.util.concurrent.ThreadPoolExecutor$Worker.run(Unknown Source)
at java.lang.Thread.run(Unknown Source)
... Removed 10 stack frames]]>
    </failure>
  </testcase> <!-- createOrder -->
</testsuite> <!-- CreateChannelOrder -->
