<?xml version="1.0" encoding="UTF-8"?>
<testng-results skipped="0" failed="1" ignored="0" total="14" passed="13">
  <reporter-output>
  </reporter-output>
  <suite name="Default suite" duration-ms="125639" started-at="2020-04-14T15:46:51Z" finished-at="2020-04-14T15:48:56Z">
    <groups>
    </groups>
    <test name="Default test" duration-ms="125639" started-at="2020-04-14T15:46:51Z" finished-at="2020-04-14T15:48:56Z">
      <class name="com.wecash.http.cases.identitySubmit">
        <test-method status="FAIL" signature="idSubmitInfo(java.util.Map)[pri:0, instance:com.wecash.http.cases.identitySubmit@2b552920]" name="idSubmitInfo" duration-ms="39480" started-at="2020-04-14T15:46:55Z" description="提交实名认证信息" data-provider="idSubmitInfo" finished-at="2020-04-14T15:47:34Z">
          <params>
            <param index="0">
              <value>
                <![CDATA[{null=null, Comment=未提交过-提交实名认证成功, exectResult={
    "resCode": "E0000",
    "resMsg": "成功",
    "successful": 1
}, flag=, requestType=POST, author=, actualParam=user_id, serviceEnv=https://user-center-thu.tunaikita.id/identity, selSQL=select * from user_identity where tenant_user_id = 005 and tenant_id = 1001, preDataSQL=insert into user_info_item values (100012,"693145221335302000","1001","005","name","小*","eekP9VyRvXk=","98ac8b2e18dbe4d5d48476c3e4a6117a","0","2020-03-28 21:49:59","2020-03-28 21:49:59");
insert into user_info_item values (100013,"693145221335302000","1001","005","mobileNo","188****4567","G3JYk3fRRlBOdViXLo0tew==","484e9186760f37b5ac9b12673bc6fbf6","0","2020-03-28 21:49:59","2020-03-28 21:49:59");
insert into user_info_item values (1000019,"693145221335302000","1001","005","certNo","3412**********0000","HvKVuVOWbFJb6Kc2dVhAJ9E6+xVHZ3aR","2bb6fa304390f4ebdf1479372649b515","0","2020-03-28 21:49:59","2020-03-28 21:49:59");
insert into user_info_item values (1000015,"693145221335302000","1001","005","email","1234***@126.com","MWlkkKNlWhAWe1hFrnRunA==","a71249d4fe6f56f76de86b532ef74c1b","0","2020-03-28 21:49:59","2020-03-28 21:49:59");
insert into user_basic_info values ("693145221335302000","1001","005",1,"ZWMwYzAyMjUtY2VhMi00NGRiLWI3NzQtYTIxZjhhMTFlZTViMDVlS3gvRWpFQ2todWRyNFBya0FkWEN6ZWUrVTNlODRBQUFBQUFBQUFBQ2lMcmdqMDAwalFvSFg5OFpocm0rL1IzTElDN3Rwelo3R241ZTFRN0ZzWjYraDV0Y0tLVFFhSG9BOWNIM3pkYzd0ZUl4N3IwMHBWQXlMVzhpTDNuOW80clNLUDVkanQ4WnhyLzMzVUtBcys0SWFqTlV2WmtuM29nNnRsWVZCRFFJeS9kK1ljVnhXRCtCdXBvWTlFcnVQdTQweGdqK0plNjBaV040NHZrVlJDL2dTYTlDTTQyOGpqc2I3Z0EwRkVoQkFnQnRWZmJoT2ZrOFJla3ZkVGNsOHRKaDBYaXVieGxBeDErVzIvcmpXQVVnZ2dCWHpWU3h0Z1EraXI3c2E5ajI0M05NRnhhSmdhMG5QNDhmZ2NvcXF6cWJ1bWdNOWEvTzRUaFg1L2V1TUNTYThmZDBmckhhRE8vbUZ5dndNKzZJSjNiRWQxRGxmc3NMdkwxYVBtSDV5Q2xwK0wzdzZlMlFHSngvZ0hCRVRmME5sSHVQM1crSmdpTmx2WGh1Z25VMEcxeWVLWDZTcjJLVG9lSjM5WXgzbGk4VG5lRVRLaFk3Q21GcWptUnRqdmRUM29Qell6YW9LT2lYWUFSRVNqejNFTmZ6V0xrT21IMEQzdElUWGhoVWt5aHYwYmlERzdyND0=","2020-03-28 21:49:59","2020-03-28 21:49:59");
insert into user_index values ("693145221335302000","1001","005","dd9b724235b53f967403fd775722d3c2","f87a900fea1eaaa6cca908c06ec83fb0","9c7758b5dfa2e4812205aee611dee221","a35dd421455c69c87975cbcf86507527","2b9125400fcec8cf343e9a5f168bb0f1","46d616c8334ae439d68234c2be5f8447","d401fb8af990da1327d67fb7b9181d00","22a6be6cc8242297842251b3d14f92b7","2020-03-28 21:49:59","2020-03-28 21:49:59")
, clearDataSQL=delete from user_basic_info where tenant_user_id = 005 and tenant_id = 1001;
delete from user_info_item where tenant_user_id = 005 and tenant_id = 1001;
delete from user_index where tenant_user_id = 005 and tenant_id = 1001, url=/submitIdentityInfo, expectParamJson=, baseParamJson={
"tenantId":"1001",
"tenantUserId":"005",
"name":"cao",
"certNo":"632123199412090000",
"effectiveStartTime":"2020-03-30",
"effectiveEndTime":"2020-12-30"
}
, exceptSQL=693145221335302000, 用例编号=identitySubmit-001}]]>
              </value>
            </param>
          </params>
          <exception class="java.lang.AssertionError">
            <message>
              <![CDATA[expected [50003693145221335302000100100512020-04-10 16:33:552020-04-10 16:33:55] but found [693145221335302000]]]>
            </message>
            <full-stacktrace>
              <![CDATA[java.lang.AssertionError: expected [50003693145221335302000100100512020-04-10 16:33:552020-04-10 16:33:55] but found [693145221335302000]
at org.testng.Assert.fail(Assert.java:96)
at org.testng.Assert.failNotEquals(Assert.java:776)
at org.testng.Assert.assertEqualsImpl(Assert.java:137)
at org.testng.Assert.assertEquals(Assert.java:118)
at org.testng.Assert.assertEquals(Assert.java:453)
at org.testng.Assert.assertEquals(Assert.java:463)
at com.wecash.http.cases.identitySubmit.idSubmitInfo(identitySubmit.java:61)
at sun.reflect.NativeMethodAccessorImpl.invoke0(Native Method)
at sun.reflect.NativeMethodAccessorImpl.invoke(Unknown Source)
at sun.reflect.DelegatingMethodAccessorImpl.invoke(Unknown Source)
at java.lang.reflect.Method.invoke(Unknown Source)
at org.testng.internal.MethodInvocationHelper.invokeMethod(MethodInvocationHelper.java:124)
at org.testng.internal.Invoker.invokeMethod(Invoker.java:583)
at org.testng.internal.Invoker.invokeTestMethod(Invoker.java:719)
at org.testng.internal.Invoker.invokeTestMethods(Invoker.java:989)
at org.testng.internal.TestMethodWorker.invokeTestMethods(TestMethodWorker.java:125)
at org.testng.internal.TestMethodWorker.run(TestMethodWorker.java:109)
at org.testng.TestRunner.privateRun(TestRunner.java:648)
at org.testng.TestRunner.run(TestRunner.java:505)
at org.testng.SuiteRunner.runTest(SuiteRunner.java:455)
at org.testng.SuiteRunner.runSequentially(SuiteRunner.java:450)
at org.testng.SuiteRunner.privateRun(SuiteRunner.java:415)
at org.testng.SuiteRunner.run(SuiteRunner.java:364)
at org.testng.SuiteRunnerWorker.runSuite(SuiteRunnerWorker.java:52)
at org.testng.SuiteRunnerWorker.run(SuiteRunnerWorker.java:84)
at org.testng.TestNG.runSuitesSequentially(TestNG.java:1208)
at org.testng.TestNG.runSuitesLocally(TestNG.java:1137)
at org.testng.TestNG.runSuites(TestNG.java:1049)
at org.testng.TestNG.run(TestNG.java:1017)
at org.testng.remote.AbstractRemoteTestNG.run(AbstractRemoteTestNG.java:115)
at org.testng.remote.RemoteTestNG.initAndRun(RemoteTestNG.java:251)
at org.testng.remote.RemoteTestNG.main(RemoteTestNG.java:77)
]]>
            </full-stacktrace>
          </exception> <!-- java.lang.AssertionError -->
          <reporter-output>
          </reporter-output>
        </test-method> <!-- idSubmitInfo -->
        <test-method status="PASS" signature="idSubmitInfo(java.util.Map)[pri:0, instance:com.wecash.http.cases.identitySubmit@2b552920]" name="idSubmitInfo" duration-ms="37265" started-at="2020-04-14T15:47:34Z" description="提交实名认证信息" data-provider="idSubmitInfo" finished-at="2020-04-14T15:48:11Z">
          <params>
            <param index="0">
              <value>
                <![CDATA[{null=null, Comment=提交过-提交实名认证成功-name，certNo不变更, exectResult={
    "resCode": "E0000",
    "resMsg": "成功",
    "successful": 1
}, flag=, requestType=POST, author=, actualParam=key_value, serviceEnv=https://user-center-thu.tunaikita.id/identity, selSQL=select key_value from user_info_item where tenant_user_id = 005 and tenant_id = 1001 and key_name = "name", preDataSQL=insert into user_info_item values (100012,"693145221335302000","1001","005","name","小*","eekP9VyRvXk=","98ac8b2e18dbe4d5d48476c3e4a6117a","0","2020-03-28 21:49:59","2020-03-28 21:49:59");
insert into user_info_item values (100013,"693145221335302000","1001","005","mobileNo","188****4567","G3JYk3fRRlBOdViXLo0tew==","484e9186760f37b5ac9b12673bc6fbf6","0","2020-03-28 21:49:59","2020-03-28 21:49:59");
insert into user_info_item values (1000019,"693145221335302000","1001","005","certNo","3412**********0000","HvKVuVOWbFJb6Kc2dVhAJ9E6+xVHZ3aR","2bb6fa304390f4ebdf1479372649b515","0","2020-03-28 21:49:59","2020-03-28 21:49:59");
insert into user_info_item values (1000015,"693145221335302000","1001","005","email","1234***@126.com","MWlkkKNlWhAWe1hFrnRunA==","a71249d4fe6f56f76de86b532ef74c1b","0","2020-03-28 21:49:59","2020-03-28 21:49:59");
insert into user_basic_info values ("693145221335302000","1001","005",1,"ZWMwYzAyMjUtY2VhMi00NGRiLWI3NzQtYTIxZjhhMTFlZTViMDVlS3gvRWpFQ2todWRyNFBya0FkWEN6ZWUrVTNlODRBQUFBQUFBQUFBQ2lMcmdqMDAwalFvSFg5OFpocm0rL1IzTElDN3Rwelo3R241ZTFRN0ZzWjYraDV0Y0tLVFFhSG9BOWNIM3pkYzd0ZUl4N3IwMHBWQXlMVzhpTDNuOW80clNLUDVkanQ4WnhyLzMzVUtBcys0SWFqTlV2WmtuM29nNnRsWVZCRFFJeS9kK1ljVnhXRCtCdXBvWTlFcnVQdTQweGdqK0plNjBaV040NHZrVlJDL2dTYTlDTTQyOGpqc2I3Z0EwRkVoQkFnQnRWZmJoT2ZrOFJla3ZkVGNsOHRKaDBYaXVieGxBeDErVzIvcmpXQVVnZ2dCWHpWU3h0Z1EraXI3c2E5ajI0M05NRnhhSmdhMG5QNDhmZ2NvcXF6cWJ1bWdNOWEvTzRUaFg1L2V1TUNTYThmZDBmckhhRE8vbUZ5dndNKzZJSjNiRWQxRGxmc3NMdkwxYVBtSDV5Q2xwK0wzdzZlMlFHSngvZ0hCRVRmME5sSHVQM1crSmdpTmx2WGh1Z25VMEcxeWVLWDZTcjJLVG9lSjM5WXgzbGk4VG5lRVRLaFk3Q21GcWptUnRqdmRUM29Qell6YW9LT2lYWUFSRVNqejNFTmZ6V0xrT21IMEQzdElUWGhoVWt5aHYwYmlERzdyND0=","2020-03-28 21:49:59","2020-03-28 21:49:59");
insert into user_index values ("693145221335302000","1001","005","dd9b724235b53f967403fd775722d3c2","f87a900fea1eaaa6cca908c06ec83fb0","9c7758b5dfa2e4812205aee611dee221","a35dd421455c69c87975cbcf86507527","2b9125400fcec8cf343e9a5f168bb0f1","46d616c8334ae439d68234c2be5f8447","d401fb8af990da1327d67fb7b9181d00","22a6be6cc8242297842251b3d14f92b7","2020-03-28 21:49:59","2020-03-28 21:49:59");
insert into user_identity values (50003,693145221335302000,"1001","005",1,"2020-04-10 16:33:55","2020-04-10 16:33:55"), clearDataSQL=delete from user_basic_info where tenant_user_id = 005 and tenant_id = 1001;
delete from user_info_item where tenant_user_id = 005 and tenant_id = 1001;
delete from user_index where tenant_user_id = 005 and tenant_id = 1001, url=/submitIdentityInfo, expectParamJson=, baseParamJson={
"tenantId":"1001",
"tenantUserId":"005",
"name":"cao",
"certNo":"632123199412090000",
"effectiveStartTime":"2020-03-30",
"effectiveEndTime":"2020-12-30"
}
, exceptSQL=c**, 用例编号=identitySubmit-002}]]>
              </value>
            </param>
          </params>
          <reporter-output>
          </reporter-output>
        </test-method> <!-- idSubmitInfo -->
        <test-method status="PASS" signature="idSubmitInfo(java.util.Map)[pri:0, instance:com.wecash.http.cases.identitySubmit@2b552920]" name="idSubmitInfo" duration-ms="39433" started-at="2020-04-14T15:48:11Z" description="提交实名认证信息" data-provider="idSubmitInfo" finished-at="2020-04-14T15:48:51Z">
          <params>
            <param index="0">
              <value>
                <![CDATA[{null=null, Comment=提交过-提交实名认证成功-name，certNo变更, exectResult={
    "resCode": "E0000",
    "resMsg": "成功",
    "successful": 1
}, flag=, requestType=POST, author=, actualParam=key_value, serviceEnv=https://user-center-thu.tunaikita.id/identity, selSQL=select key_value from user_info_item where tenant_user_id = 005 and tenant_id = 1001 and key_name = "certNo", preDataSQL=insert into user_info_item values (100012,"693145221335302000","1001","005","name","小*","eekP9VyRvXk=","98ac8b2e18dbe4d5d48476c3e4a6117a","0","2020-03-28 21:49:59","2020-03-28 21:49:59");
insert into user_info_item values (100013,"693145221335302000","1001","005","mobileNo","188****4567","G3JYk3fRRlBOdViXLo0tew==","484e9186760f37b5ac9b12673bc6fbf6","0","2020-03-28 21:49:59","2020-03-28 21:49:59");
insert into user_info_item values (1000019,"693145221335302000","1001","005","certNo","3412**********0000","HvKVuVOWbFJb6Kc2dVhAJ9E6+xVHZ3aR","2bb6fa304390f4ebdf1479372649b515","0","2020-03-28 21:49:59","2020-03-28 21:49:59");
insert into user_info_item values (1000015,"693145221335302000","1001","005","email","1234***@126.com","MWlkkKNlWhAWe1hFrnRunA==","a71249d4fe6f56f76de86b532ef74c1b","0","2020-03-28 21:49:59","2020-03-28 21:49:59");
insert into user_basic_info values ("693145221335302000","1001","005",1,"ZWMwYzAyMjUtY2VhMi00NGRiLWI3NzQtYTIxZjhhMTFlZTViMDVlS3gvRWpFQ2todWRyNFBya0FkWEN6ZWUrVTNlODRBQUFBQUFBQUFBQ2lMcmdqMDAwalFvSFg5OFpocm0rL1IzTElDN3Rwelo3R241ZTFRN0ZzWjYraDV0Y0tLVFFhSG9BOWNIM3pkYzd0ZUl4N3IwMHBWQXlMVzhpTDNuOW80clNLUDVkanQ4WnhyLzMzVUtBcys0SWFqTlV2WmtuM29nNnRsWVZCRFFJeS9kK1ljVnhXRCtCdXBvWTlFcnVQdTQweGdqK0plNjBaV040NHZrVlJDL2dTYTlDTTQyOGpqc2I3Z0EwRkVoQkFnQnRWZmJoT2ZrOFJla3ZkVGNsOHRKaDBYaXVieGxBeDErVzIvcmpXQVVnZ2dCWHpWU3h0Z1EraXI3c2E5ajI0M05NRnhhSmdhMG5QNDhmZ2NvcXF6cWJ1bWdNOWEvTzRUaFg1L2V1TUNTYThmZDBmckhhRE8vbUZ5dndNKzZJSjNiRWQxRGxmc3NMdkwxYVBtSDV5Q2xwK0wzdzZlMlFHSngvZ0hCRVRmME5sSHVQM1crSmdpTmx2WGh1Z25VMEcxeWVLWDZTcjJLVG9lSjM5WXgzbGk4VG5lRVRLaFk3Q21GcWptUnRqdmRUM29Qell6YW9LT2lYWUFSRVNqejNFTmZ6V0xrT21IMEQzdElUWGhoVWt5aHYwYmlERzdyND0=","2020-03-28 21:49:59","2020-03-28 21:49:59");
insert into user_index values ("693145221335302000","1001","005","dd9b724235b53f967403fd775722d3c2","f87a900fea1eaaa6cca908c06ec83fb0","9c7758b5dfa2e4812205aee611dee221","a35dd421455c69c87975cbcf86507527","2b9125400fcec8cf343e9a5f168bb0f1","46d616c8334ae439d68234c2be5f8447","d401fb8af990da1327d67fb7b9181d00","22a6be6cc8242297842251b3d14f92b7","2020-03-28 21:49:59","2020-03-28 21:49:59");
insert into user_identity values (50003,693145221335302000,"1001","005",1,"2020-04-10 16:33:55","2020-04-10 16:33:55"), clearDataSQL=delete from user_basic_info where tenant_user_id = 005 and tenant_id = 1001;
delete from user_info_item where tenant_user_id = 005 and tenant_id = 1001;
delete from user_index where tenant_user_id = 005 and tenant_id = 1001, url=/submitIdentityInfo, expectParamJson=, baseParamJson={
"tenantId":"1001",
"tenantUserId":"005",
"name":"cli",
"certNo":"632123199412090011",
"effectiveStartTime":"2020-03-30",
"effectiveEndTime":"2020-12-30"
}
, exceptSQL=6321**********0011, 用例编号=identitySubmit-003}]]>
              </value>
            </param>
          </params>
          <reporter-output>
          </reporter-output>
        </test-method> <!-- idSubmitInfo -->
        <test-method status="PASS" signature="idSubmitInfo(java.util.Map)[pri:0, instance:com.wecash.http.cases.identitySubmit@2b552920]" name="idSubmitInfo" duration-ms="476" started-at="2020-04-14T15:48:51Z" description="提交实名认证信息" data-provider="idSubmitInfo" finished-at="2020-04-14T15:48:51Z">
          <params>
            <param index="0">
              <value>
                <![CDATA[{null=null, Comment=用户不存在, exectResult={
    "resCode": "USR2002",
    "resMsg": "用户不存在",
    "successful": 0
}, flag=, requestType=POST, author=JY, actualParam=, serviceEnv=https://user-center-thu.tunaikita.id/identity, selSQL=, preDataSQL=, clearDataSQL=, url=/submitIdentityInfo, expectParamJson=, baseParamJson={
"tenantId":"1001",
"tenantUserId":"111422222",
"name":"cli",
"certNo":"632123199412090011",
"effectiveStartTime":"2020-03-30",
"effectiveEndTime":"2020-12-30"
}, exceptSQL=, 用例编号=identitySubmit-004}]]>
              </value>
            </param>
          </params>
          <reporter-output>
          </reporter-output>
        </test-method> <!-- idSubmitInfo -->
        <test-method status="PASS" signature="idSubmitInfo(java.util.Map)[pri:0, instance:com.wecash.http.cases.identitySubmit@2b552920]" name="idSubmitInfo" duration-ms="477" started-at="2020-04-14T15:48:51Z" description="提交实名认证信息" data-provider="idSubmitInfo" finished-at="2020-04-14T15:48:52Z">
          <params>
            <param index="0">
              <value>
                <![CDATA[{null=null, Comment=必传参数-tenantId为空, exectResult={
    "resCode": "E0001",
    "resMsg": "系统错误",
    "successful": 0,
    "data": "Validation failed for argument [0] in public java.lang.Object ***.web.controller.IdentityController.submitIdentityInfo(***.web.request.SubmitIdentityInfoRequest): [Field error in object 'submitIdentityInfoRequest' on field 'tenantId': rejected value []; codes [NotEmpty.submitIdentityInfoRequest.tenantId,NotEmpty.tenantId,NotEmpty.java.lang.String,NotEmpty]; arguments [org.springframework.context.support.DefaultMessageSourceResolvable: codes [submitIdentityInfoRequest.tenantId,tenantId]; arguments []; default message [tenantId]]; default message [用户租户号不允许为空]] "
}, flag=, requestType=POST, author=, actualParam=, serviceEnv=https://user-center-thu.tunaikita.id/identity, selSQL=, preDataSQL=, clearDataSQL=, url=/submitIdentityInfo, expectParamJson=, baseParamJson={
"tenantId":"",
"tenantUserId":"003",
"name":"cli",
"certNo":"632123199412090011",
"effectiveStartTime":"2020-03-30",
"effectiveEndTime":"2020-12-30"
}, exceptSQL=, 用例编号=identitySubmit-005}]]>
              </value>
            </param>
          </params>
          <reporter-output>
          </reporter-output>
        </test-method> <!-- idSubmitInfo -->
        <test-method status="PASS" signature="idSubmitInfo(java.util.Map)[pri:0, instance:com.wecash.http.cases.identitySubmit@2b552920]" name="idSubmitInfo" duration-ms="465" started-at="2020-04-14T15:48:52Z" description="提交实名认证信息" data-provider="idSubmitInfo" finished-at="2020-04-14T15:48:52Z">
          <params>
            <param index="0">
              <value>
                <![CDATA[{null=null, Comment=必传参数-tenantUserId为空, exectResult={
    "resCode": "E0001",
    "resMsg": "系统错误",
    "successful": 0,
    "data": "Validation failed for argument [0] in public java.lang.Object ***.web.controller.IdentityController.submitIdentityInfo(***.web.request.SubmitIdentityInfoRequest): [Field error in object 'submitIdentityInfoRequest' on field 'tenantUserId': rejected value []; codes [NotBlank.submitIdentityInfoRequest.tenantUserId,NotBlank.tenantUserId,NotBlank.java.lang.String,NotBlank]; arguments [org.springframework.context.support.DefaultMessageSourceResolvable: codes [submitIdentityInfoRequest.tenantUserId,tenantUserId]; arguments []; default message [tenantUserId]]; default message [渠道用户id不允许为空]] "
}, flag=, requestType=POST, author=, actualParam=, serviceEnv=https://user-center-thu.tunaikita.id/identity, selSQL=, preDataSQL=, clearDataSQL=, url=/submitIdentityInfo, expectParamJson=, baseParamJson={
"tenantId":"li",
"tenantUserId":"",
"name":"cli",
"certNo":"632123199412090011",
"effectiveStartTime":"2020-03-30",
"effectiveEndTime":"2020-12-30"
}, exceptSQL=, 用例编号=identitySubmit-006}]]>
              </value>
            </param>
          </params>
          <reporter-output>
          </reporter-output>
        </test-method> <!-- idSubmitInfo -->
        <test-method status="PASS" signature="idSubmitInfo(java.util.Map)[pri:0, instance:com.wecash.http.cases.identitySubmit@2b552920]" name="idSubmitInfo" duration-ms="501" started-at="2020-04-14T15:48:52Z" description="提交实名认证信息" data-provider="idSubmitInfo" finished-at="2020-04-14T15:48:53Z">
          <params>
            <param index="0">
              <value>
                <![CDATA[{null=null, Comment=必传参数-name为空, exectResult={
    "resCode": "E0001",
    "resMsg": "系统错误",
    "successful": 0,
    "data": "Validation failed for argument [0] in public java.lang.Object ***.web.controller.IdentityController.submitIdentityInfo(***.web.request.SubmitIdentityInfoRequest): [Field error in object 'submitIdentityInfoRequest' on field 'name': rejected value []; codes [NotBlank.submitIdentityInfoRequest.name,NotBlank.name,NotBlank.java.lang.String,NotBlank]; arguments [org.springframework.context.support.DefaultMessageSourceResolvable: codes [submitIdentityInfoRequest.name,name]; arguments []; default message [name]]; default message [用户名字不允许为空]] "
}, flag=, requestType=POST, author=, actualParam=, serviceEnv=https://user-center-thu.tunaikita.id/identity, selSQL=, preDataSQL=, clearDataSQL=, url=/submitIdentityInfo, expectParamJson=, baseParamJson={
"tenantId":"li",
"tenantUserId":"1114",
"name":"",
"certNo":"632123199412090011",
"effectiveStartTime":"2020-03-30",
"effectiveEndTime":"2020-12-30"
}, exceptSQL=, 用例编号=identitySubmit-007}]]>
              </value>
            </param>
          </params>
          <reporter-output>
          </reporter-output>
        </test-method> <!-- idSubmitInfo -->
        <test-method status="PASS" signature="idSubmitInfo(java.util.Map)[pri:0, instance:com.wecash.http.cases.identitySubmit@2b552920]" name="idSubmitInfo" duration-ms="479" started-at="2020-04-14T15:48:53Z" description="提交实名认证信息" data-provider="idSubmitInfo" finished-at="2020-04-14T15:48:53Z">
          <params>
            <param index="0">
              <value>
                <![CDATA[{null=null, Comment=必传参数-certNo为空, exectResult={
    "resCode": "E0001",
    "resMsg": "系统错误",
    "successful": 0,
    "data": "Validation failed for argument [0] in public java.lang.Object ***.web.controller.IdentityController.submitIdentityInfo(***.web.request.SubmitIdentityInfoRequest): [Field error in object 'submitIdentityInfoRequest' on field 'certNo': rejected value []; codes [NotBlank.submitIdentityInfoRequest.certNo,NotBlank.certNo,NotBlank.java.lang.String,NotBlank]; arguments [org.springframework.context.support.DefaultMessageSourceResolvable: codes [submitIdentityInfoRequest.certNo,certNo]; arguments []; default message [certNo]]; default message [证件号码不允许为空]] "
}, flag=, requestType=POST, author=, actualParam=, serviceEnv=https://user-center-thu.tunaikita.id/identity, selSQL=, preDataSQL=, clearDataSQL=, url=/submitIdentityInfo, expectParamJson=, baseParamJson={
"tenantId":"li",
"tenantUserId":"1114",
"name":"cli",
"certNo":"",
"effectiveStartTime":"2020-03-30",
"effectiveEndTime":"2020-12-30"
}, exceptSQL=, 用例编号=identitySubmit-008}]]>
              </value>
            </param>
          </params>
          <reporter-output>
          </reporter-output>
        </test-method> <!-- idSubmitInfo -->
        <test-method status="PASS" signature="idSubmitInfo(java.util.Map)[pri:0, instance:com.wecash.http.cases.identitySubmit@2b552920]" name="idSubmitInfo" duration-ms="614" started-at="2020-04-14T15:48:53Z" description="提交实名认证信息" data-provider="idSubmitInfo" finished-at="2020-04-14T15:48:54Z">
          <params>
            <param index="0">
              <value>
                <![CDATA[{null=null, Comment=必传参数-effectiveStartTime为空, exectResult={
    "resCode": "E0000",
    "resMsg": "成功",
    "successful": 1
}, flag=, requestType=POST, author=, actualParam=, serviceEnv=https://user-center-thu.tunaikita.id/identity, selSQL=, preDataSQL=, clearDataSQL=, url=/submitIdentityInfo, expectParamJson=, baseParamJson={
"tenantId":"1001",
"tenantUserId":"005",
"name":"cli",
"certNo":"632123199412090011",
"effectiveStartTime":"",
"effectiveEndTime":"2020-12-30"
}, exceptSQL=, 用例编号=identitySubmit-009}]]>
              </value>
            </param>
          </params>
          <reporter-output>
          </reporter-output>
        </test-method> <!-- idSubmitInfo -->
        <test-method status="PASS" signature="idSubmitInfo(java.util.Map)[pri:0, instance:com.wecash.http.cases.identitySubmit@2b552920]" name="idSubmitInfo" duration-ms="603" started-at="2020-04-14T15:48:54Z" description="提交实名认证信息" data-provider="idSubmitInfo" finished-at="2020-04-14T15:48:55Z">
          <params>
            <param index="0">
              <value>
                <![CDATA[{null=null, Comment=必传参数-effectiveEndTime为空, exectResult={
    "resCode": "E0000",
    "resMsg": "成功",
    "successful": 1
}, flag=, requestType=POST, author=, actualParam=, serviceEnv=https://user-center-thu.tunaikita.id/identity, selSQL=, preDataSQL=, clearDataSQL=, url=/submitIdentityInfo, expectParamJson=, baseParamJson={
"tenantId":"1001",
"tenantUserId":"005",
"name":"cli",
"certNo":"632123199412090011",
"effectiveStartTime":"2020-03-30",
"effectiveEndTime":""
}, exceptSQL=, 用例编号=identitySubmit-010}]]>
              </value>
            </param>
          </params>
          <reporter-output>
          </reporter-output>
        </test-method> <!-- idSubmitInfo -->
        <test-method status="PASS" signature="idSubmitInfo(java.util.Map)[pri:0, instance:com.wecash.http.cases.identitySubmit@2b552920]" name="idSubmitInfo" duration-ms="456" started-at="2020-04-14T15:48:55Z" description="提交实名认证信息" data-provider="idSubmitInfo" finished-at="2020-04-14T15:48:55Z">
          <params>
            <param index="0">
              <value>
                <![CDATA[{null=null, Comment=必传参数-tenantId缺失, exectResult={
    "resCode": "E0001",
    "resMsg": "系统错误",
    "successful": 0,
    "data": "Validation failed for argument [0] in public java.lang.Object ***.web.controller.IdentityController.submitIdentityInfo(***.web.request.SubmitIdentityInfoRequest): [Field error in object 'submitIdentityInfoRequest' on field 'tenantId': rejected value [null]; codes [NotEmpty.submitIdentityInfoRequest.tenantId,NotEmpty.tenantId,NotEmpty.java.lang.String,NotEmpty]; arguments [org.springframework.context.support.DefaultMessageSourceResolvable: codes [submitIdentityInfoRequest.tenantId,tenantId]; arguments []; default message [tenantId]]; default message [用户租户号不允许为空]] "
}, flag=, requestType=POST, author=, actualParam=, serviceEnv=https://user-center-thu.tunaikita.id/identity, selSQL=, preDataSQL=, clearDataSQL=, url=/submitIdentityInfo, expectParamJson=, baseParamJson={
"tenantUserId":"1114",
"name":"cli",
"certNo":"632123199412090011",
"effectiveStartTime":"2020-03-30",
"effectiveEndTime":""
}, exceptSQL=, 用例编号=identitySubmit-011}]]>
              </value>
            </param>
          </params>
          <reporter-output>
          </reporter-output>
        </test-method> <!-- idSubmitInfo -->
        <test-method status="PASS" signature="idSubmitInfo(java.util.Map)[pri:0, instance:com.wecash.http.cases.identitySubmit@2b552920]" name="idSubmitInfo" duration-ms="488" started-at="2020-04-14T15:48:55Z" description="提交实名认证信息" data-provider="idSubmitInfo" finished-at="2020-04-14T15:48:55Z">
          <params>
            <param index="0">
              <value>
                <![CDATA[{null=null, Comment=必传参数-tenantUserId缺失, exectResult={
    "resCode": "E0001",
    "resMsg": "系统错误",
    "successful": 0,
    "data": "Validation failed for argument [0] in public java.lang.Object ***.web.controller.IdentityController.submitIdentityInfo(***.web.request.SubmitIdentityInfoRequest): [Field error in object 'submitIdentityInfoRequest' on field 'tenantUserId': rejected value [null]; codes [NotBlank.submitIdentityInfoRequest.tenantUserId,NotBlank.tenantUserId,NotBlank.java.lang.String,NotBlank]; arguments [org.springframework.context.support.DefaultMessageSourceResolvable: codes [submitIdentityInfoRequest.tenantUserId,tenantUserId]; arguments []; default message [tenantUserId]]; default message [渠道用户id不允许为空]] "
}, flag=, requestType=POST, author=, actualParam=, serviceEnv=https://user-center-thu.tunaikita.id/identity, selSQL=, preDataSQL=, clearDataSQL=, url=/submitIdentityInfo, expectParamJson=, baseParamJson={
 "tenantId":"li",
 "name":"cao",
 "certNo":"632123199412090011",
 "effectiveStartTime":"2020-03-30",
 "effectiveEndTime":"2020-12-30"
}, exceptSQL=, 用例编号=identitySubmit-012}]]>
              </value>
            </param>
          </params>
          <reporter-output>
          </reporter-output>
        </test-method> <!-- idSubmitInfo -->
        <test-method status="PASS" signature="idSubmitInfo(java.util.Map)[pri:0, instance:com.wecash.http.cases.identitySubmit@2b552920]" name="idSubmitInfo" duration-ms="486" started-at="2020-04-14T15:48:55Z" description="提交实名认证信息" data-provider="idSubmitInfo" finished-at="2020-04-14T15:48:56Z">
          <params>
            <param index="0">
              <value>
                <![CDATA[{null=null, Comment=必传参数-name缺失, exectResult={
    "resCode": "E0001",
    "resMsg": "系统错误",
    "successful": 0,
    "data": "Validation failed for argument [0] in public java.lang.Object ***.web.controller.IdentityController.submitIdentityInfo(***.web.request.SubmitIdentityInfoRequest): [Field error in object 'submitIdentityInfoRequest' on field 'name': rejected value [null]; codes [NotBlank.submitIdentityInfoRequest.name,NotBlank.name,NotBlank.java.lang.String,NotBlank]; arguments [org.springframework.context.support.DefaultMessageSourceResolvable: codes [submitIdentityInfoRequest.name,name]; arguments []; default message [name]]; default message [用户名字不允许为空]] "
}, flag=, requestType=POST, author=, actualParam=, serviceEnv=https://user-center-thu.tunaikita.id/identity, selSQL=, preDataSQL=, clearDataSQL=, url=/submitIdentityInfo, expectParamJson=, baseParamJson={
"tenantId":"li",
"tenantUserId":"1114",
"certNo":"632123199412090011",
"effectiveStartTime":"2020-03-30",
"effectiveEndTime":"2020-12-30"
}, exceptSQL=, 用例编号=identitySubmit-013}]]>
              </value>
            </param>
          </params>
          <reporter-output>
          </reporter-output>
        </test-method> <!-- idSubmitInfo -->
        <test-method status="PASS" signature="idSubmitInfo(java.util.Map)[pri:0, instance:com.wecash.http.cases.identitySubmit@2b552920]" name="idSubmitInfo" duration-ms="476" started-at="2020-04-14T15:48:56Z" description="提交实名认证信息" data-provider="idSubmitInfo" finished-at="2020-04-14T15:48:56Z">
          <params>
            <param index="0">
              <value>
                <![CDATA[{null=null, Comment=必传参数-certNo缺失, exectResult={
    "resCode": "E0001",
    "resMsg": "系统错误",
    "successful": 0,
    "data": "Validation failed for argument [0] in public java.lang.Object ***.web.controller.IdentityController.submitIdentityInfo(***.web.request.SubmitIdentityInfoRequest): [Field error in object 'submitIdentityInfoRequest' on field 'certNo': rejected value [null]; codes [NotBlank.submitIdentityInfoRequest.certNo,NotBlank.certNo,NotBlank.java.lang.String,NotBlank]; arguments [org.springframework.context.support.DefaultMessageSourceResolvable: codes [submitIdentityInfoRequest.certNo,certNo]; arguments []; default message [certNo]]; default message [证件号码不允许为空]] "
}, flag=, requestType=POST, author=, actualParam=, serviceEnv=https://user-center-thu.tunaikita.id/identity, selSQL=, preDataSQL=, clearDataSQL=, url=/submitIdentityInfo, expectParamJson=, baseParamJson={
 "tenantId":"1001",
 "tenantUserId":"1114",
 "name":"cao",
 "effectiveStartTime":"2020-03-30",
 "effectiveEndTime":"2020-12-30"
}, exceptSQL=, 用例编号=identitySubmit-014}]]>
              </value>
            </param>
          </params>
          <reporter-output>
          </reporter-output>
        </test-method> <!-- idSubmitInfo -->
      </class> <!-- com.wecash.http.cases.identitySubmit -->
    </test> <!-- Default test -->
  </suite> <!-- Default suite -->
</testng-results>
